# JRE version: OpenJDK Runtime Environment Temurin-17.0.3+7 (17.0.3+7) (build 17.0.3+7)
# Java VM: OpenJDK 64-Bit Server VM Temurin-17.0.3+7 (17.0.3+7, mixed mode, tiered, compressed oops, compressed class ptrs, g1 gc, windows-amd64)
GC Precious Log:
 CPUs: 4 total, 4 available
 Memory: 7991M
 Large Page Support: Disabled
 NUMA Support: Disabled
 Compressed Oops: Enabled (32-bit)
 Heap Region Size: 1M
 Heap Min Capacity: 8M
 Heap Initial Capacity: 126M
 Heap Max Capacity: 1998M
 Pre-touch: Disabled
 Parallel Workers: 4
 Concurrent Workers: 1
 Concurrent Refinement Workers: 4
 Periodic GC: Disabled
Heap:
 garbage-first heap   total 30720K, used 17110K [0x0000000083200000, 0x0000000100000000)
  region size 1024K, 2 young (2048K), 2 survivors (2048K)
 Metaspace       used 35718K, committed 35968K, reserved 1081344K
  class space    used 4000K, committed 4096K, reserved 1048576K
GC Heap History (20 events):
Event: 4.401 GC heap after
{Heap after GC invocations=4 (full 0):
 garbage-first heap   total 129024K, used 7263K [0x0000000083200000, 0x0000000100000000)
  region size 1024K, 4 young (4096K), 4 survivors (4096K)
 Metaspace       used 21364K, committed 21504K, reserved 1073152K
  class space    used 2132K, committed 2176K, reserved 1048576K
}
Event: 4.853 GC heap before
{Heap before GC invocations=5 (full 0):
 garbage-first heap   total 30720K, used 22623K [0x0000000083200000, 0x0000000100000000)
  region size 1024K, 20 young (20480K), 4 survivors (4096K)
 Metaspace       used 23592K, committed 23872K, reserved 1073152K
  class space    used 2430K, committed 2560K, reserved 1048576K
}
Event: 4.857 GC heap after
{Heap after GC invocations=6 (full 0):
 garbage-first heap   total 30720K, used 7971K [0x0000000083200000, 0x0000000100000000)
  region size 1024K, 4 young (4096K), 4 survivors (4096K)
 Metaspace       used 23592K, committed 23872K, reserved 1073152K
  class space    used 2430K, committed 2560K, reserved 1048576K
}
Event: 5.249 GC heap before
{Heap before GC invocations=6 (full 0):
 garbage-first heap   total 30720K, used 21283K [0x0000000083200000, 0x0000000100000000)
  region size 1024K, 17 young (17408K), 4 survivors (4096K)
 Metaspace       used 25158K, committed 25408K, reserved 1073152K
  class space    used 2630K, committed 2752K, reserved 1048576K
}
Event: 5.253 GC heap after
{Heap after GC invocations=7 (full 0):
 garbage-first heap   total 30720K, used 8338K [0x0000000083200000, 0x0000000100000000)
  region size 1024K, 2 young (2048K), 2 survivors (2048K)
 Metaspace       used 25158K, committed 25408K, reserved 1073152K
  class space    used 2630K, committed 2752K, reserved 1048576K
}
Event: 5.685 GC heap before
{Heap before GC invocations=7 (full 0):
 garbage-first heap   total 30720K, used 21650K [0x0000000083200000, 0x0000000100000000)
  region size 1024K, 15 young (15360K), 2 survivors (2048K)
 Metaspace       used 27418K, committed 27648K, reserved 1081344K
  class space    used 2904K, committed 3008K, reserved 1048576K
}
Event: 5.687 GC heap after
{Heap after GC invocations=8 (full 0):
 garbage-first heap   total 30720K, used 9436K [0x0000000083200000, 0x0000000100000000)
  region size 1024K, 2 young (2048K), 2 survivors (2048K)
 Metaspace       used 27418K, committed 27648K, reserved 1081344K
  class space    used 2904K, committed 3008K, reserved 1048576K
}
Event: 5.885 GC heap before
{Heap before GC invocations=8 (full 0):
 garbage-first heap   total 30720K, used 20700K [0x0000000083200000, 0x0000000100000000)
  region size 1024K, 14 young (14336K), 2 survivors (2048K)
 Metaspace       used 29385K, committed 29632K, reserved 1081344K
  class space    used 3117K, committed 3264K, reserved 1048576K
}
Event: 5.887 GC heap after
{Heap after GC invocations=9 (full 0):
 garbage-first heap   total 30720K, used 10603K [0x0000000083200000, 0x0000000100000000)
  region size 1024K, 2 young (2048K), 2 survivors (2048K)
 Metaspace       used 29385K, committed 29632K, reserved 1081344K
  class space    used 3117K, committed 3264K, reserved 1048576K
}
Event: 6.000 GC heap before
{Heap before GC invocations=9 (full 0):
 garbage-first heap   total 30720K, used 22891K [0x0000000083200000, 0x0000000100000000)
  region size 1024K, 14 young (14336K), 2 survivors (2048K)
 Metaspace       used 30941K, committed 31168K, reserved 1081344K
  class space    used 3296K, committed 3392K, reserved 1048576K
}
Event: 6.002 GC heap after
{Heap after GC invocations=10 (full 0):
 garbage-first heap   total 30720K, used 11157K [0x0000000083200000, 0x0000000100000000)
  region size 1024K, 1 young (1024K), 1 survivors (1024K)
 Metaspace       used 30941K, committed 31168K, reserved 1081344K
  class space    used 3296K, committed 3392K, reserved 1048576K
}
Event: 6.618 GC heap before
{Heap before GC invocations=10 (full 0):
 garbage-first heap   total 30720K, used 22421K [0x0000000083200000, 0x0000000100000000)
  region size 1024K, 12 young (12288K), 1 survivors (1024K)
 Metaspace       used 32483K, committed 32704K, reserved 1081344K
  class space    used 3529K, committed 3648K, reserved 1048576K
}
Event: 6.620 GC heap after
{Heap after GC invocations=11 (full 0):
 garbage-first heap   total 30720K, used 11375K [0x0000000083200000, 0x0000000100000000)
  region size 1024K, 1 young (1024K), 1 survivors (1024K)
 Metaspace       used 32483K, committed 32704K, reserved 1081344K
  class space    used 3529K, committed 3648K, reserved 1048576K
}
Event: 6.737 GC heap before
{Heap before GC invocations=11 (full 0):
 garbage-first heap   total 30720K, used 23663K [0x0000000083200000, 0x0000000100000000)
  region size 1024K, 13 young (13312K), 1 survivors (1024K)
 Metaspace       used 33735K, committed 34048K, reserved 1081344K
  class space    used 3716K, committed 3840K, reserved 1048576K
}
Event: 6.738 GC heap after
{Heap after GC invocations=12 (full 0):
 garbage-first heap   total 30720K, used 11577K [0x0000000083200000, 0x0000000100000000)
  region size 1024K, 1 young (1024K), 1 survivors (1024K)
 Metaspace       used 33735K, committed 34048K, reserved 1081344K
  class space    used 3716K, committed 3840K, reserved 1048576K
}
Event: 6.941 GC heap before
{Heap before GC invocations=12 (full 0):
 garbage-first heap   total 30720K, used 23865K [0x0000000083200000, 0x0000000100000000)
  region size 1024K, 13 young (13312K), 1 survivors (1024K)
 Metaspace       used 35116K, committed 35392K, reserved 1081344K
  class space    used 3910K, committed 4032K, reserved 1048576K
}
Event: 6.943 GC heap after
{Heap after GC invocations=13 (full 0):
 garbage-first heap   total 30720K, used 11803K [0x0000000083200000, 0x0000000100000000)
  region size 1024K, 2 young (2048K), 2 survivors (2048K)
 Metaspace       used 35116K, committed 35392K, reserved 1081344K
  class space    used 3910K, committed 4032K, reserved 1048576K
}
Event: 6.957 GC heap before
{Heap before GC invocations=13 (full 0):
 garbage-first heap   total 30720K, used 12827K [0x0000000083200000, 0x0000000100000000)
  region size 1024K, 4 young (4096K), 2 survivors (2048K)
 Metaspace       used 35276K, committed 35520K, reserved 1081344K
  class space    used 3931K, committed 4032K, reserved 1048576K
}
Event: 6.961 GC heap after
{Heap after GC invocations=14 (full 0):
 garbage-first heap   total 30720K, used 11933K [0x0000000083200000, 0x0000000100000000)
  region size 1024K, 1 young (1024K), 1 survivors (1024K)
 Metaspace       used 35276K, committed 35520K, reserved 1081344K
  class space    used 3931K, committed 4032K, reserved 1048576K
}
Event: 13.709 GC heap before
{Heap before GC invocations=14 (full 0):
 garbage-first heap   total 30720K, used 20125K [0x0000000083200000, 0x0000000100000000)
  region size 1024K, 5 young (5120K), 1 survivors (1024K)
 Metaspace       used 35718K, committed 35968K, reserved 1081344K
  class space    used 4000K, committed 4096K, reserved 1048576K
}

