# JRE version: OpenJDK Runtime Environment Temurin-17.0.3+7 (17.0.3+7) (build 17.0.3+7)
# Java VM: OpenJDK 64-Bit Server VM Temurin-17.0.3+7 (17.0.3+7, mixed mode, tiered, compressed oops, compressed class ptrs, g1 gc, windows-amd64)
GC Precious Log:
 CPUs: 4 total, 4 available
 Memory: 7991M
 Large Page Support: Disabled
 NUMA Support: Disabled
 Compressed Oops: Enabled (32-bit)
 Heap Region Size: 1M
 Heap Min Capacity: 8M
 Heap Initial Capacity: 126M
 Heap Max Capacity: 1998M
 Pre-touch: Disabled
 Parallel Workers: 4
 Concurrent Workers: 1
 Concurrent Refinement Workers: 4
 Periodic GC: Disabled
Heap:
 garbage-first heap   total 79872K, used 28666K [0x0000000083200000, 0x0000000100000000)
  region size 1024K, 14 young (14336K), 1 survivors (1024K)
 Metaspace       used 35406K, committed 35712K, reserved 1081344K
  class space    used 4108K, committed 4224K, reserved 1048576K
GC Heap History (16 events):
Event: 0.389 GC heap before
{Heap before GC invocations=0 (full 0):
 garbage-first heap   total 129024K, used 12288K [0x0000000083200000, 0x0000000100000000)
  region size 1024K, 13 young (13312K), 0 survivors (0K)
 Metaspace       used 10702K, committed 10880K, reserved 1064960K
  class space    used 1058K, committed 1152K, reserved 1048576K
}
Event: 0.392 GC heap after
{Heap after GC invocations=1 (full 0):
 garbage-first heap   total 129024K, used 4457K [0x0000000083200000, 0x0000000100000000)
  region size 1024K, 2 young (2048K), 2 survivors (2048K)
 Metaspace       used 10702K, committed 10880K, reserved 1064960K
  class space    used 1058K, committed 1152K, reserved 1048576K
}
Event: 0.604 GC heap before
{Heap before GC invocations=1 (full 0):
 garbage-first heap   total 129024K, used 17769K [0x0000000083200000, 0x0000000100000000)
  region size 1024K, 16 young (16384K), 2 survivors (2048K)
 Metaspace       used 14705K, committed 14912K, reserved 1064960K
  class space    used 1438K, committed 1536K, reserved 1048576K
}
Event: 0.606 GC heap after
{Heap after GC invocations=2 (full 0):
 garbage-first heap   total 129024K, used 5613K [0x0000000083200000, 0x0000000100000000)
  region size 1024K, 2 young (2048K), 2 survivors (2048K)
 Metaspace       used 14705K, committed 14912K, reserved 1064960K
  class space    used 1438K, committed 1536K, reserved 1048576K
}
Event: 0.992 GC heap before
{Heap before GC invocations=2 (full 0):
 garbage-first heap   total 129024K, used 25069K [0x0000000083200000, 0x0000000100000000)
  region size 1024K, 22 young (22528K), 2 survivors (2048K)
 Metaspace       used 21320K, committed 21504K, reserved 1073152K
  class space    used 2279K, committed 2368K, reserved 1048576K
}
Event: 0.994 GC heap after
{Heap after GC invocations=3 (full 0):
 garbage-first heap   total 129024K, used 7196K [0x0000000083200000, 0x0000000100000000)
  region size 1024K, 3 young (3072K), 3 survivors (3072K)
 Metaspace       used 21320K, committed 21504K, reserved 1073152K
  class space    used 2279K, committed 2368K, reserved 1048576K
}
Event: 1.232 GC heap before
{Heap before GC invocations=4 (full 0):
 garbage-first heap   total 30720K, used 21532K [0x0000000083200000, 0x0000000100000000)
  region size 1024K, 18 young (18432K), 3 survivors (3072K)
 Metaspace       used 25922K, committed 26176K, reserved 1073152K
  class space    used 2837K, committed 2944K, reserved 1048576K
}
Event: 1.236 GC heap after
{Heap after GC invocations=5 (full 0):
 garbage-first heap   total 30720K, used 9133K [0x0000000083200000, 0x0000000100000000)
  region size 1024K, 5 young (5120K), 5 survivors (5120K)
 Metaspace       used 25922K, committed 26176K, reserved 1073152K
  class space    used 2837K, committed 2944K, reserved 1048576K
}
Event: 1.241 GC heap before
{Heap before GC invocations=5 (full 0):
 garbage-first heap   total 30720K, used 10157K [0x0000000083200000, 0x0000000100000000)
  region size 1024K, 6 young (6144K), 5 survivors (5120K)
 Metaspace       used 25949K, committed 26176K, reserved 1073152K
  class space    used 2838K, committed 2944K, reserved 1048576K
}
Event: 1.245 GC heap after
{Heap after GC invocations=6 (full 0):
 garbage-first heap   total 30720K, used 9601K [0x0000000083200000, 0x0000000100000000)
  region size 1024K, 1 young (1024K), 1 survivors (1024K)
 Metaspace       used 25949K, committed 26176K, reserved 1073152K
  class space    used 2838K, committed 2944K, reserved 1048576K
}
Event: 1.366 GC heap before
{Heap before GC invocations=6 (full 0):
 garbage-first heap   total 30720K, used 19841K [0x0000000083200000, 0x0000000100000000)
  region size 1024K, 11 young (11264K), 1 survivors (1024K)
 Metaspace       used 29556K, committed 29760K, reserved 1081344K
  class space    used 3275K, committed 3328K, reserved 1048576K
}
Event: 1.367 GC heap after
{Heap after GC invocations=7 (full 0):
 garbage-first heap   total 30720K, used 10328K [0x0000000083200000, 0x0000000100000000)
  region size 1024K, 2 young (2048K), 2 survivors (2048K)
 Metaspace       used 29556K, committed 29760K, reserved 1081344K
  class space    used 3275K, committed 3328K, reserved 1048576K
}
Event: 1.546 GC heap before
{Heap before GC invocations=7 (full 0):
 garbage-first heap   total 30720K, used 20568K [0x0000000083200000, 0x0000000100000000)
  region size 1024K, 12 young (12288K), 2 survivors (2048K)
 Metaspace       used 32127K, committed 32384K, reserved 1081344K
  class space    used 3647K, committed 3776K, reserved 1048576K
}
Event: 1.549 GC heap after
{Heap after GC invocations=8 (full 0):
 garbage-first heap   total 30720K, used 11107K [0x0000000083200000, 0x0000000100000000)
  region size 1024K, 1 young (1024K), 1 survivors (1024K)
 Metaspace       used 32127K, committed 32384K, reserved 1081344K
  class space    used 3647K, committed 3776K, reserved 1048576K
}
Event: 1.633 GC heap before
{Heap before GC invocations=8 (full 0):
 garbage-first heap   total 30720K, used 14179K [0x0000000083200000, 0x0000000100000000)
  region size 1024K, 6 young (6144K), 1 survivors (1024K)
 Metaspace       used 33387K, committed 33664K, reserved 1081344K
  class space    used 3831K, committed 3968K, reserved 1048576K
}
Event: 1.635 GC heap after
{Heap after GC invocations=9 (full 0):
 garbage-first heap   total 79872K, used 11258K [0x0000000083200000, 0x0000000100000000)
  region size 1024K, 1 young (1024K), 1 survivors (1024K)
 Metaspace       used 33387K, committed 33664K, reserved 1081344K
  class space    used 3831K, committed 3968K, reserved 1048576K
}

