# JRE version: OpenJDK Runtime Environment Temurin-17.0.3+7 (17.0.3+7) (build 17.0.3+7)
# Java VM: OpenJDK 64-Bit Server VM Temurin-17.0.3+7 (17.0.3+7, mixed mode, tiered, compressed oops, compressed class ptrs, g1 gc, windows-amd64)
GC Precious Log:
 CPUs: 4 total, 4 available
 Memory: 7991M
 Large Page Support: Disabled
 NUMA Support: Disabled
 Compressed Oops: Enabled (32-bit)
 Heap Region Size: 1M
 Heap Min Capacity: 8M
 Heap Initial Capacity: 126M
 Heap Max Capacity: 1998M
 Pre-touch: Disabled
 Parallel Workers: 4
 Concurrent Workers: 1
 Concurrent Refinement Workers: 4
 Periodic GC: Disabled
Heap:
 garbage-first heap   total 61440K, used 17284K [0x0000000083200000, 0x0000000100000000)
  region size 1024K, 3 young (3072K), 2 survivors (2048K)
 Metaspace       used 35811K, committed 36096K, reserved 1081344K
  class space    used 4166K, committed 4288K, reserved 1048576K
GC Heap History (16 events):
Event: 0.512 GC heap before
{Heap before GC invocations=0 (full 0):
 garbage-first heap   total 129024K, used 12288K [0x0000000083200000, 0x0000000100000000)
  region size 1024K, 13 young (13312K), 0 survivors (0K)
 Metaspace       used 10754K, committed 10944K, reserved 1064960K
  class space    used 1059K, committed 1152K, reserved 1048576K
}
Event: 0.516 GC heap after
{Heap after GC invocations=1 (full 0):
 garbage-first heap   total 129024K, used 4236K [0x0000000083200000, 0x0000000100000000)
  region size 1024K, 2 young (2048K), 2 survivors (2048K)
 Metaspace       used 10754K, committed 10944K, reserved 1064960K
  class space    used 1059K, committed 1152K, reserved 1048576K
}
Event: 0.735 GC heap before
{Heap before GC invocations=1 (full 0):
 garbage-first heap   total 129024K, used 18572K [0x0000000083200000, 0x0000000100000000)
  region size 1024K, 16 young (16384K), 2 survivors (2048K)
 Metaspace       used 14789K, committed 14976K, reserved 1064960K
  class space    used 1445K, committed 1536K, reserved 1048576K
}
Event: 0.738 GC heap after
{Heap after GC invocations=2 (full 0):
 garbage-first heap   total 129024K, used 5778K [0x0000000083200000, 0x0000000100000000)
  region size 1024K, 2 young (2048K), 2 survivors (2048K)
 Metaspace       used 14789K, committed 14976K, reserved 1064960K
  class space    used 1445K, committed 1536K, reserved 1048576K
}
Event: 1.147 GC heap before
{Heap before GC invocations=2 (full 0):
 garbage-first heap   total 129024K, used 24210K [0x0000000083200000, 0x0000000100000000)
  region size 1024K, 22 young (22528K), 2 survivors (2048K)
 Metaspace       used 21311K, committed 21504K, reserved 1073152K
  class space    used 2269K, committed 2368K, reserved 1048576K
}
Event: 1.152 GC heap after
{Heap after GC invocations=3 (full 0):
 garbage-first heap   total 129024K, used 7330K [0x0000000083200000, 0x0000000100000000)
  region size 1024K, 3 young (3072K), 3 survivors (3072K)
 Metaspace       used 21311K, committed 21504K, reserved 1073152K
  class space    used 2269K, committed 2368K, reserved 1048576K
}
Event: 1.482 GC heap before
{Heap before GC invocations=4 (full 0):
 garbage-first heap   total 30720K, used 21666K [0x0000000083200000, 0x0000000100000000)
  region size 1024K, 18 young (18432K), 3 survivors (3072K)
 Metaspace       used 26019K, committed 26304K, reserved 1073152K
  class space    used 2841K, committed 2944K, reserved 1048576K
}
Event: 1.486 GC heap after
{Heap after GC invocations=5 (full 0):
 garbage-first heap   total 30720K, used 9038K [0x0000000083200000, 0x0000000100000000)
  region size 1024K, 5 young (5120K), 5 survivors (5120K)
 Metaspace       used 26019K, committed 26304K, reserved 1073152K
  class space    used 2841K, committed 2944K, reserved 1048576K
}
Event: 1.497 GC heap before
{Heap before GC invocations=5 (full 0):
 garbage-first heap   total 30720K, used 10062K [0x0000000083200000, 0x0000000100000000)
  region size 1024K, 6 young (6144K), 5 survivors (5120K)
 Metaspace       used 26073K, committed 26304K, reserved 1073152K
  class space    used 2843K, committed 2944K, reserved 1048576K
}
Event: 1.502 GC heap after
{Heap after GC invocations=6 (full 0):
 garbage-first heap   total 30720K, used 9493K [0x0000000083200000, 0x0000000100000000)
  region size 1024K, 1 young (1024K), 1 survivors (1024K)
 Metaspace       used 26073K, committed 26304K, reserved 1073152K
  class space    used 2843K, committed 2944K, reserved 1048576K
}
Event: 1.640 GC heap before
{Heap before GC invocations=6 (full 0):
 garbage-first heap   total 30720K, used 18709K [0x0000000083200000, 0x0000000100000000)
  region size 1024K, 11 young (11264K), 1 survivors (1024K)
 Metaspace       used 29545K, committed 29760K, reserved 1081344K
  class space    used 3261K, committed 3328K, reserved 1048576K
}
Event: 1.641 GC heap after
{Heap after GC invocations=7 (full 0):
 garbage-first heap   total 30720K, used 10302K [0x0000000083200000, 0x0000000100000000)
  region size 1024K, 2 young (2048K), 2 survivors (2048K)
 Metaspace       used 29545K, committed 29760K, reserved 1081344K
  class space    used 3261K, committed 3328K, reserved 1048576K
}
Event: 1.902 GC heap before
{Heap before GC invocations=7 (full 0):
 garbage-first heap   total 30720K, used 20542K [0x0000000083200000, 0x0000000100000000)
  region size 1024K, 12 young (12288K), 2 survivors (2048K)
 Metaspace       used 32132K, committed 32320K, reserved 1081344K
  class space    used 3634K, committed 3712K, reserved 1048576K
}
Event: 1.905 GC heap after
{Heap after GC invocations=8 (full 0):
 garbage-first heap   total 30720K, used 11251K [0x0000000083200000, 0x0000000100000000)
  region size 1024K, 1 young (1024K), 1 survivors (1024K)
 Metaspace       used 32132K, committed 32320K, reserved 1081344K
  class space    used 3634K, committed 3712K, reserved 1048576K
}
Event: 2.033 GC heap before
{Heap before GC invocations=8 (full 0):
 garbage-first heap   total 30720K, used 16371K [0x0000000083200000, 0x0000000100000000)
  region size 1024K, 7 young (7168K), 1 survivors (1024K)
 Metaspace       used 33491K, committed 33792K, reserved 1081344K
  class space    used 3833K, committed 3968K, reserved 1048576K
}
Event: 2.035 GC heap after
{Heap after GC invocations=9 (full 0):
 garbage-first heap   total 79872K, used 11441K [0x0000000083200000, 0x0000000100000000)
  region size 1024K, 1 young (1024K), 1 survivors (1024K)
 Metaspace       used 33491K, committed 33792K, reserved 1081344K
  class space    used 3833K, committed 3968K, reserved 1048576K
}

